<?xml version="1.0" encoding="UTF-8"?>
<testng-results ignored="0" total="1" passed="1" failed="0" skipped="0">
  <reporter-output>
  </reporter-output>
  <suite started-at="2022-07-08T17:00:52 IST" name="Default suite" finished-at="2022-07-08T17:00:56 IST" duration-ms="3913">
    <groups>
    </groups>
    <test started-at="2022-07-08T17:00:52 IST" name="Default test" finished-at="2022-07-08T17:00:56 IST" duration-ms="3913">
      <class name="RestAssuredApi.FirstTest">
        <test-method signature="getResponseBody()[pri:0, instance:RestAssuredApi.FirstTest@6ca8564a]" started-at="2022-07-08T17:00:52 IST" name="getResponseBody" finished-at="2022-07-08T17:00:56 IST" duration-ms="3859" status="PASS">
          <reporter-output>
          </reporter-output>
        </test-method> <!-- getResponseBody -->
      </class> <!-- RestAssuredApi.FirstTest -->
    </test> <!-- Default test -->
  </suite> <!-- Default suite -->
</testng-results>
